{"/Users/irinaorekhova/Desktop/Object-homework-2/src/script.js": {"path":"/Users/irinaorekhova/Desktop/Object-homework-2/src/script.js","statementMap":{"0":{"start":{"line":3,"column":18},"end":{"line":24,"column":1}},"1":{"start":{"line":26,"column":28},"end":{"line":34,"column":1}},"2":{"start":{"line":27,"column":22},"end":{"line":27,"column":28}},"3":{"start":{"line":28,"column":2},"end":{"line":32,"column":5}},"4":{"start":{"line":29,"column":4},"end":{"line":31,"column":5}},"5":{"start":{"line":30,"column":6},"end":{"line":30,"column":47}},"6":{"start":{"line":33,"column":2},"end":{"line":33,"column":17}},"7":{"start":{"line":35,"column":0},"end":{"line":35,"column":37}}},"fnMap":{"0":{"name":"(anonymous_0)","decl":{"start":{"line":26,"column":28},"end":{"line":26,"column":29}},"loc":{"start":{"line":26,"column":40},"end":{"line":34,"column":1}},"line":26},"1":{"name":"(anonymous_1)","decl":{"start":{"line":28,"column":18},"end":{"line":28,"column":19}},"loc":{"start":{"line":28,"column":28},"end":{"line":32,"column":3}},"line":28}},"branchMap":{"0":{"loc":{"start":{"line":29,"column":4},"end":{"line":31,"column":5}},"type":"if","locations":[{"start":{"line":29,"column":4},"end":{"line":31,"column":5}},{"start":{},"end":{}}],"line":29}},"s":{"0":1,"1":1,"2":2,"3":2,"4":4,"5":2,"6":2,"7":1},"f":{"0":2,"1":4},"b":{"0":[2,2]},"_coverageSchema":"1a1c01bbd47fc00a2c39e90264f33305004495a9","hash":"f3b750185d24d5fe5d340240993b3e5228bab9e6"}
}
